Using pre-set license
Built from '2020.2/staging' branch; Version is '2020.2.7f1 (c53830e277f1) revision 12924976'; Using compiler version '192528614'; Build Type 'Release'
OS: 'Windows 10 Home; OS build 19043.1645; Version 2009; 64bit' Language: 'en' Physical Memory: 32693 MB
BatchMode: 1, IsHumanControllingUs: 0, StartBugReporterOnCrash: 0, Is64bit: 1, IsPro: 0

 COMMAND LINE ARGUMENTS:
F:\Unity\2020.2.7f1\Editor\Unity.exe
-adb2
-batchMode
-noUpm
-name
AssetImportWorker1
-projectPath
F:/Unity Projects/MULT 152/AMcGinness_IndependentProject
-logFile
Logs/AssetImportWorker1.log
-srvPort
56333
Successfully changed project path to: F:/Unity Projects/MULT 152/AMcGinness_IndependentProject
F:/Unity Projects/MULT 152/AMcGinness_IndependentProject
Using Asset Import Pipeline V2.
Refreshing native plugins compatible for Editor in 16.17 ms, found 0 plugins.
Preloading 0 native plugins for Editor in 0.00 ms.
Initialize engine version: 2020.2.7f1 (c53830e277f1)
[Subsystems] Discovering subsystems at path F:/Unity/2020.2.7f1/Editor/Data/Resources/UnitySubsystems
[Subsystems] Discovering subsystems at path F:/Unity Projects/MULT 152/AMcGinness_IndependentProject/Assets
GfxDevice: creating device client; threaded=0
Direct3D:
    Version:  Direct3D 11.0 [level 11.1]
    Renderer: NVIDIA GeForce RTX 3070 (ID=0x2484)
    Vendor:   
    VRAM:     8043 MB
    Driver:   30.0.15.1179
Initialize mono
Mono path[0] = 'F:/Unity/2020.2.7f1/Editor/Data/Managed'
Mono path[1] = 'F:/Unity/2020.2.7f1/Editor/Data/MonoBleedingEdge/lib/mono/unityjit'
Mono config path = 'F:/Unity/2020.2.7f1/Editor/Data/MonoBleedingEdge/etc'
Using monoOptions --debugger-agent=transport=dt_socket,embedding=1,server=y,suspend=n,address=127.0.0.1:56924
Begin MonoManager ReloadAssembly
Registering precompiled unity dll's ...
Register platform support module: F:/Unity/2020.2.7f1/Editor/Data/PlaybackEngines/WindowsStandaloneSupport/UnityEditor.WindowsStandalone.Extensions.dll
Registered in 0.000742 seconds.
Native extension for WindowsStandalone target not found
Refreshing native plugins compatible for Editor in 17.45 ms, found 0 plugins.
Preloading 0 native plugins for Editor in 0.00 ms.
Invoked RoslynAnalysisRunner static constructor.
RoslynAnalysisRunner will not be running.
RoslynAnalysisRunner has terminated.
Mono: successfully reloaded assembly
- Completed reload, in  0.672 seconds
Platform modules already initialized, skipping
Registering precompiled user dll's ...
Registered in 0.000622 seconds.
Begin MonoManager ReloadAssembly
Native extension for WindowsStandalone target not found
Refreshing native plugins compatible for Editor in 0.23 ms, found 0 plugins.
Preloading 0 native plugins for Editor in 0.00 ms.
Invoked RoslynAnalysisRunner static constructor.
RoslynAnalysisRunner will not be running.
RoslynAnalysisRunner has terminated.
Mono: successfully reloaded assembly
- Completed reload, in  0.534 seconds
Platform modules already initialized, skipping
========================================================================
Worker process is ready to serve import requests
Launched and connected shader compiler UnityShaderCompiler.exe after 0.05 seconds
Refreshing native plugins compatible for Editor in 0.23 ms, found 0 plugins.
Preloading 0 native plugins for Editor in 0.00 ms.
Unloading 1119 Unused Serialized files (Serialized files now loaded: 0)
System memory in use before: 57.9 MB.
System memory in use after: 57.9 MB.

Unloading 10 unused Assets to reduce memory usage. Loaded Objects now: 1568.
Total: 1.997000 ms (FindLiveObjects: 0.248600 ms CreateObjectMapping: 0.025400 ms MarkObjects: 1.650800 ms  DeleteObjects: 0.071200 ms)

========================================================================
Received Import Request.
  path: Assets/Scenes/Level 1.unity
  artifactKey: Guid(9fc0d4010bbf28b4594072e72b8655ab) Importer(815301076,1909f56bfc062723c751e8b465ee728b)
Start importing Assets/Scenes/Level 1.unity using Guid(9fc0d4010bbf28b4594072e72b8655ab) Importer(815301076,1909f56bfc062723c751e8b465ee728b)  -> (artifact id: '3848e6419c108da691ea115bda96ce04') in 0.013823 seconds
  Import took 0.015451 seconds .

========================================================================
Received Prepare
Registering precompiled user dll's ...
Registered in 0.000288 seconds.
Begin MonoManager ReloadAssembly
Native extension for WindowsStandalone target not found
Refreshing native plugins compatible for Editor in 0.22 ms, found 0 plugins.
Preloading 0 native plugins for Editor in 0.00 ms.
Invoked RoslynAnalysisRunner static constructor.
RoslynAnalysisRunner will not be running.
RoslynAnalysisRunner has terminated.
Mono: successfully reloaded assembly
- Completed reload, in  0.465 seconds
Platform modules already initialized, skipping
Refreshing native plugins compatible for Editor in 0.20 ms, found 0 plugins.
Preloading 0 native plugins for Editor in 0.00 ms.
Unloading 1114 Unused Serialized files (Serialized files now loaded: 0)
System memory in use before: 57.8 MB.
System memory in use after: 57.9 MB.

Unloading 5 unused Assets to reduce memory usage. Loaded Objects now: 1571.
Total: 1.608400 ms (FindLiveObjects: 0.120600 ms CreateObjectMapping: 0.030700 ms MarkObjects: 1.410500 ms  DeleteObjects: 0.046000 ms)

========================================================================
Received Import Request.
  Time since last request: 29.021710 seconds.
  path: Assets/Prefabs/PlayerCharacter.prefab
  artifactKey: Guid(7ef37e0bb00e9a6479ab14f7c1ba7985) Importer(815301076,1909f56bfc062723c751e8b465ee728b)
Start importing Assets/Prefabs/PlayerCharacter.prefab using Guid(7ef37e0bb00e9a6479ab14f7c1ba7985) Importer(815301076,1909f56bfc062723c751e8b465ee728b)  -> (artifact id: '1acfb181ab75121e569c79a7e66f0c59') in 0.174138 seconds
  Import took 0.176515 seconds .

========================================================================
Received Import Request.
  Time since last request: 39.122672 seconds.
  path: Assets/Prefabs/PlayerCharacter.prefab
  artifactKey: Guid(7ef37e0bb00e9a6479ab14f7c1ba7985) Importer(815301076,1909f56bfc062723c751e8b465ee728b)
Start importing Assets/Prefabs/PlayerCharacter.prefab using Guid(7ef37e0bb00e9a6479ab14f7c1ba7985) Importer(815301076,1909f56bfc062723c751e8b465ee728b)  -> (artifact id: 'd6f57c73170a4357d0d692e171d328c6') in 0.057518 seconds
  Import took 0.059847 seconds .

========================================================================
Received Prepare
Registering precompiled user dll's ...
Registered in 0.000462 seconds.
Begin MonoManager ReloadAssembly
Native extension for WindowsStandalone target not found
Refreshing native plugins compatible for Editor in 0.23 ms, found 0 plugins.
Preloading 0 native plugins for Editor in 0.00 ms.
Invoked RoslynAnalysisRunner static constructor.
RoslynAnalysisRunner will not be running.
RoslynAnalysisRunner has terminated.
Mono: successfully reloaded assembly
- Completed reload, in  0.461 seconds
Platform modules already initialized, skipping
Refreshing native plugins compatible for Editor in 0.16 ms, found 0 plugins.
Preloading 0 native plugins for Editor in 0.00 ms.
Unloading 1114 Unused Serialized files (Serialized files now loaded: 0)
System memory in use before: 75.0 MB.
System memory in use after: 75.1 MB.

Unloading 5 unused Assets to reduce memory usage. Loaded Objects now: 1582.
Total: 1.706600 ms (FindLiveObjects: 0.202400 ms CreateObjectMapping: 0.034900 ms MarkObjects: 1.420200 ms  DeleteObjects: 0.048200 ms)

========================================================================
Received Import Request.
  Time since last request: 21.891085 seconds.
  path: Assets/Prefabs/PlayerCharacter.prefab
  artifactKey: Guid(7ef37e0bb00e9a6479ab14f7c1ba7985) Importer(815301076,1909f56bfc062723c751e8b465ee728b)
Start importing Assets/Prefabs/PlayerCharacter.prefab using Guid(7ef37e0bb00e9a6479ab14f7c1ba7985) Importer(815301076,1909f56bfc062723c751e8b465ee728b)  -> (artifact id: '2567a157f509eab723621e82b7e58d5c') in 0.090294 seconds
  Import took 0.092450 seconds .

========================================================================
Received Prepare
Registering precompiled user dll's ...
Registered in 0.000299 seconds.
Begin MonoManager ReloadAssembly
Native extension for WindowsStandalone target not found
Refreshing native plugins compatible for Editor in 0.23 ms, found 0 plugins.
Preloading 0 native plugins for Editor in 0.00 ms.
Invoked RoslynAnalysisRunner static constructor.
RoslynAnalysisRunner will not be running.
RoslynAnalysisRunner has terminated.
Mono: successfully reloaded assembly
- Completed reload, in  0.462 seconds
Platform modules already initialized, skipping
Refreshing native plugins compatible for Editor in 0.16 ms, found 0 plugins.
Preloading 0 native plugins for Editor in 0.00 ms.
Unloading 1114 Unused Serialized files (Serialized files now loaded: 0)
System memory in use before: 75.0 MB.
System memory in use after: 75.1 MB.

Unloading 5 unused Assets to reduce memory usage. Loaded Objects now: 1586.
Total: 1.579600 ms (FindLiveObjects: 0.134700 ms CreateObjectMapping: 0.028000 ms MarkObjects: 1.365300 ms  DeleteObjects: 0.050700 ms)

========================================================================
Received Import Request.
  Time since last request: 65.099435 seconds.
  path: Assets/Prefabs/PlayerCharacter.prefab
  artifactKey: Guid(7ef37e0bb00e9a6479ab14f7c1ba7985) Importer(815301076,1909f56bfc062723c751e8b465ee728b)
Start importing Assets/Prefabs/PlayerCharacter.prefab using Guid(7ef37e0bb00e9a6479ab14f7c1ba7985) Importer(815301076,1909f56bfc062723c751e8b465ee728b)  -> (artifact id: '2baa11263cab5db059aa9f88a4a99537') in 0.086494 seconds
  Import took 0.088549 seconds .

========================================================================
Received Prepare
Registering precompiled user dll's ...
Registered in 0.000269 seconds.
Begin MonoManager ReloadAssembly
Native extension for WindowsStandalone target not found
Refreshing native plugins compatible for Editor in 0.23 ms, found 0 plugins.
Preloading 0 native plugins for Editor in 0.00 ms.
Invoked RoslynAnalysisRunner static constructor.
RoslynAnalysisRunner will not be running.
RoslynAnalysisRunner has terminated.
Mono: successfully reloaded assembly
- Completed reload, in  0.469 seconds
Platform modules already initialized, skipping
Refreshing native plugins compatible for Editor in 0.22 ms, found 0 plugins.
Preloading 0 native plugins for Editor in 0.00 ms.
Unloading 1114 Unused Serialized files (Serialized files now loaded: 0)
System memory in use before: 75.1 MB.
System memory in use after: 75.1 MB.

Unloading 5 unused Assets to reduce memory usage. Loaded Objects now: 1590.
Total: 1.694400 ms (FindLiveObjects: 0.164300 ms CreateObjectMapping: 0.030900 ms MarkObjects: 1.451800 ms  DeleteObjects: 0.046400 ms)

========================================================================
Received Import Request.
  Time since last request: 44.904230 seconds.
  path: Assets/Scenes/Level 2.unity
  artifactKey: Guid(00925ba512e2a6d4c87e5f2661dba9db) Importer(815301076,1909f56bfc062723c751e8b465ee728b)
Start importing Assets/Scenes/Level 2.unity using Guid(00925ba512e2a6d4c87e5f2661dba9db) Importer(815301076,1909f56bfc062723c751e8b465ee728b)  -> (artifact id: 'c412996934efe2d7932dbbe30dc8a9c7') in 0.013814 seconds
  Import took 0.015621 seconds .

========================================================================
Received Prepare
Registering precompiled user dll's ...
Registered in 0.000328 seconds.
Begin MonoManager ReloadAssembly
Native extension for WindowsStandalone target not found
Refreshing native plugins compatible for Editor in 0.23 ms, found 0 plugins.
Preloading 0 native plugins for Editor in 0.00 ms.
Invoked RoslynAnalysisRunner static constructor.
RoslynAnalysisRunner will not be running.
RoslynAnalysisRunner has terminated.
Mono: successfully reloaded assembly
- Completed reload, in  0.467 seconds
Platform modules already initialized, skipping
Refreshing native plugins compatible for Editor in 0.21 ms, found 0 plugins.
Preloading 0 native plugins for Editor in 0.00 ms.
Unloading 1114 Unused Serialized files (Serialized files now loaded: 0)
System memory in use before: 75.1 MB.
System memory in use after: 75.1 MB.

Unloading 5 unused Assets to reduce memory usage. Loaded Objects now: 1593.
Total: 1.588700 ms (FindLiveObjects: 0.141900 ms CreateObjectMapping: 0.027100 ms MarkObjects: 1.375600 ms  DeleteObjects: 0.042900 ms)

AssetImportWorkerClient::OnTransportError - code=2 error=End of file
