Using pre-set license
Built from '2020.2/staging' branch; Version is '2020.2.7f1 (c53830e277f1) revision 12924976'; Using compiler version '192528614'; Build Type 'Release'
OS: 'Windows 10 Home; OS build 19043.1706; Version 2009; 64bit' Language: 'en' Physical Memory: 32693 MB
BatchMode: 1, IsHumanControllingUs: 0, StartBugReporterOnCrash: 0, Is64bit: 1, IsPro: 0

 COMMAND LINE ARGUMENTS:
F:\Unity\2020.2.7f1\Editor\Unity.exe
-adb2
-batchMode
-noUpm
-name
AssetImportWorker0
-projectPath
F:/Unity Projects/MULT 152/AMcGinness_IndependentProject
-logFile
Logs/AssetImportWorker0.log
-srvPort
51004
Successfully changed project path to: F:/Unity Projects/MULT 152/AMcGinness_IndependentProject
F:/Unity Projects/MULT 152/AMcGinness_IndependentProject
Using Asset Import Pipeline V2.
Refreshing native plugins compatible for Editor in 18.80 ms, found 0 plugins.
Preloading 0 native plugins for Editor in 0.00 ms.
Initialize engine version: 2020.2.7f1 (c53830e277f1)
[Subsystems] Discovering subsystems at path F:/Unity/2020.2.7f1/Editor/Data/Resources/UnitySubsystems
[Subsystems] Discovering subsystems at path F:/Unity Projects/MULT 152/AMcGinness_IndependentProject/Assets
GfxDevice: creating device client; threaded=0
Direct3D:
    Version:  Direct3D 11.0 [level 11.1]
    Renderer: NVIDIA GeForce RTX 3070 (ID=0x2484)
    Vendor:   
    VRAM:     8043 MB
    Driver:   30.0.15.1259
Initialize mono
Mono path[0] = 'F:/Unity/2020.2.7f1/Editor/Data/Managed'
Mono path[1] = 'F:/Unity/2020.2.7f1/Editor/Data/MonoBleedingEdge/lib/mono/unityjit'
Mono config path = 'F:/Unity/2020.2.7f1/Editor/Data/MonoBleedingEdge/etc'
Using monoOptions --debugger-agent=transport=dt_socket,embedding=1,server=y,suspend=n,address=127.0.0.1:56456
Begin MonoManager ReloadAssembly
Registering precompiled unity dll's ...
Register platform support module: F:/Unity/2020.2.7f1/Editor/Data/PlaybackEngines/WindowsStandaloneSupport/UnityEditor.WindowsStandalone.Extensions.dll
Registered in 0.000709 seconds.
Native extension for WindowsStandalone target not found
Refreshing native plugins compatible for Editor in 19.89 ms, found 0 plugins.
Preloading 0 native plugins for Editor in 0.00 ms.
Invoked RoslynAnalysisRunner static constructor.
RoslynAnalysisRunner will not be running.
RoslynAnalysisRunner has terminated.
Mono: successfully reloaded assembly
- Completed reload, in  0.576 seconds
Platform modules already initialized, skipping
Registering precompiled user dll's ...
Registered in 0.000726 seconds.
Begin MonoManager ReloadAssembly
Native extension for WindowsStandalone target not found
Refreshing native plugins compatible for Editor in 0.31 ms, found 0 plugins.
Preloading 0 native plugins for Editor in 0.00 ms.
Invoked RoslynAnalysisRunner static constructor.
RoslynAnalysisRunner will not be running.
RoslynAnalysisRunner has terminated.
Mono: successfully reloaded assembly
- Completed reload, in  0.520 seconds
Platform modules already initialized, skipping
========================================================================
Worker process is ready to serve import requests
Launched and connected shader compiler UnityShaderCompiler.exe after 0.04 seconds
Refreshing native plugins compatible for Editor in 0.30 ms, found 0 plugins.
Preloading 0 native plugins for Editor in 0.00 ms.
Unloading 1313 Unused Serialized files (Serialized files now loaded: 0)
System memory in use before: 149.9 MB.
System memory in use after: 149.9 MB.

Unloading 23 unused Assets to reduce memory usage. Loaded Objects now: 1788.
Total: 1.722900 ms (FindLiveObjects: 0.145900 ms CreateObjectMapping: 0.033400 ms MarkObjects: 1.447600 ms  DeleteObjects: 0.095200 ms)

========================================================================
Received Import Request.
  path: Assets/Prefabs/MetalBall.prefab
  artifactKey: Guid(43cff5b8c9736fe49b283f7289550ccb) Importer(815301076,1909f56bfc062723c751e8b465ee728b)
Start importing Assets/Prefabs/MetalBall.prefab using Guid(43cff5b8c9736fe49b283f7289550ccb) Importer(815301076,1909f56bfc062723c751e8b465ee728b)  -> (artifact id: '5af08237229014c45aef06325c7c143b') in 0.072690 seconds
  Import took 0.075393 seconds .

========================================================================
Received Import Request.
  Time since last request: 9.524471 seconds.
  path: Assets/Scenes/Level 1.unity
  artifactKey: Guid(9fc0d4010bbf28b4594072e72b8655ab) Importer(815301076,1909f56bfc062723c751e8b465ee728b)
Start importing Assets/Scenes/Level 1.unity using Guid(9fc0d4010bbf28b4594072e72b8655ab) Importer(815301076,1909f56bfc062723c751e8b465ee728b)  -> (artifact id: 'a6f2992621592ca528c6e8b8aa4dce58') in 0.005197 seconds
  Import took 0.007078 seconds .

========================================================================
Received Prepare
Registering precompiled user dll's ...
Registered in 0.000958 seconds.
Begin MonoManager ReloadAssembly
Native extension for WindowsStandalone target not found
Refreshing native plugins compatible for Editor in 0.36 ms, found 0 plugins.
Preloading 0 native plugins for Editor in 0.00 ms.
Invoked RoslynAnalysisRunner static constructor.
RoslynAnalysisRunner will not be running.
RoslynAnalysisRunner has terminated.
Mono: successfully reloaded assembly
- Completed reload, in  0.495 seconds
Platform modules already initialized, skipping
Refreshing native plugins compatible for Editor in 0.30 ms, found 0 plugins.
Preloading 0 native plugins for Editor in 0.00 ms.
Unloading 1295 Unused Serialized files (Serialized files now loaded: 0)
System memory in use before: 152.0 MB.
System memory in use after: 152.1 MB.

Unloading 6 unused Assets to reduce memory usage. Loaded Objects now: 1812.
Total: 1.575800 ms (FindLiveObjects: 0.165700 ms CreateObjectMapping: 0.034200 ms MarkObjects: 1.320700 ms  DeleteObjects: 0.054400 ms)

========================================================================
Received Import Request.
  Time since last request: 321.506516 seconds.
  path: Assets/Sounds/crash2.wav
  artifactKey: Guid(b5318ed5d641a594ba994c72a5dc8a2a) Importer(815301076,1909f56bfc062723c751e8b465ee728b)
Start importing Assets/Sounds/crash2.wav using Guid(b5318ed5d641a594ba994c72a5dc8a2a) Importer(815301076,1909f56bfc062723c751e8b465ee728b)  -> (artifact id: '465745f6e7b6b103db989d0fa7ceb49d') in 0.045211 seconds
  Import took 0.047320 seconds .

========================================================================
Received Import Request.
  Time since last request: 22.549565 seconds.
  path: Assets/Prefabs/MetalBox.prefab
  artifactKey: Guid(609ad410c2cb82045a75d7caddbb8caa) Importer(815301076,1909f56bfc062723c751e8b465ee728b)
Start importing Assets/Prefabs/MetalBox.prefab using Guid(609ad410c2cb82045a75d7caddbb8caa) Importer(815301076,1909f56bfc062723c751e8b465ee728b)  -> (artifact id: 'c3f8c4dc6b81c63f3f31607e4886fd22') in 0.024087 seconds
  Import took 0.026491 seconds .

========================================================================
Received Import Request.
  Time since last request: 15.450955 seconds.
  path: Assets/Prefabs/WoodenBox.prefab
  artifactKey: Guid(4867ffc3ad304d24091b182f891579ea) Importer(815301076,1909f56bfc062723c751e8b465ee728b)
Start importing Assets/Prefabs/WoodenBox.prefab using Guid(4867ffc3ad304d24091b182f891579ea) Importer(815301076,1909f56bfc062723c751e8b465ee728b)  -> (artifact id: 'e377220bd605a4c317492a529629febc') in 0.012493 seconds
  Import took 0.014982 seconds .

========================================================================
Received Import Request.
  Time since last request: 12.314080 seconds.
  path: Assets/Scenes/Level 2.unity
  artifactKey: Guid(00925ba512e2a6d4c87e5f2661dba9db) Importer(815301076,1909f56bfc062723c751e8b465ee728b)
Start importing Assets/Scenes/Level 2.unity using Guid(00925ba512e2a6d4c87e5f2661dba9db) Importer(815301076,1909f56bfc062723c751e8b465ee728b)  -> (artifact id: 'b4c226e4d468b0a86621b6d9286b8c0c') in 0.007221 seconds
  Import took 0.009233 seconds .

========================================================================
Received Import Request.
  Time since last request: 68.771626 seconds.
  path: Assets/Scripts/TurretBehavior.cs
  artifactKey: Guid(0a29b434631dee6448258b0e958078cc) Importer(815301076,1909f56bfc062723c751e8b465ee728b)
Start importing Assets/Scripts/TurretBehavior.cs using Guid(0a29b434631dee6448258b0e958078cc) Importer(815301076,1909f56bfc062723c751e8b465ee728b)  -> (artifact id: '607d53b9e1e4e87f0db9416b4d0cd462') in 0.036179 seconds
  Import took 0.038219 seconds .

========================================================================
Received Prepare
Registering precompiled user dll's ...
Registered in 0.000479 seconds.
Begin MonoManager ReloadAssembly
Native extension for WindowsStandalone target not found
Refreshing native plugins compatible for Editor in 0.30 ms, found 0 plugins.
Preloading 0 native plugins for Editor in 0.00 ms.
Invoked RoslynAnalysisRunner static constructor.
RoslynAnalysisRunner will not be running.
RoslynAnalysisRunner has terminated.
Mono: successfully reloaded assembly
- Completed reload, in  0.496 seconds
Platform modules already initialized, skipping
Refreshing native plugins compatible for Editor in 0.33 ms, found 0 plugins.
Preloading 0 native plugins for Editor in 0.00 ms.
Unloading 1294 Unused Serialized files (Serialized files now loaded: 0)
System memory in use before: 152.1 MB.
System memory in use after: 152.2 MB.

Unloading 9 unused Assets to reduce memory usage. Loaded Objects now: 1831.
Total: 1.648500 ms (FindLiveObjects: 0.176200 ms CreateObjectMapping: 0.030800 ms MarkObjects: 1.363300 ms  DeleteObjects: 0.077500 ms)

========================================================================
Received Import Request.
  Time since last request: 89.501168 seconds.
  path: Assets/Prefabs/Turret.prefab
  artifactKey: Guid(8fef01eddfefd0a458d237f3cd1c5d3a) Importer(815301076,1909f56bfc062723c751e8b465ee728b)
Start importing Assets/Prefabs/Turret.prefab using Guid(8fef01eddfefd0a458d237f3cd1c5d3a) Importer(815301076,1909f56bfc062723c751e8b465ee728b)  -> (artifact id: '467e35f958c2037fac029ab9681ac421') in 0.081962 seconds
  Import took 0.085520 seconds .

========================================================================
Received Import Request.
  Time since last request: 24.413168 seconds.
  path: Assets/Prefabs/Turret.prefab
  artifactKey: Guid(8fef01eddfefd0a458d237f3cd1c5d3a) Importer(815301076,1909f56bfc062723c751e8b465ee728b)
Start importing Assets/Prefabs/Turret.prefab using Guid(8fef01eddfefd0a458d237f3cd1c5d3a) Importer(815301076,1909f56bfc062723c751e8b465ee728b)  -> (artifact id: 'd8482c18e81c407fb8235806201bba6a') in 0.012162 seconds
  Import took 0.015347 seconds .

========================================================================
Received Prepare
Registering precompiled user dll's ...
Registered in 0.000542 seconds.
Begin MonoManager ReloadAssembly
Native extension for WindowsStandalone target not found
Refreshing native plugins compatible for Editor in 0.31 ms, found 0 plugins.
Preloading 0 native plugins for Editor in 0.00 ms.
Invoked RoslynAnalysisRunner static constructor.
RoslynAnalysisRunner will not be running.
RoslynAnalysisRunner has terminated.
Mono: successfully reloaded assembly
- Completed reload, in  0.487 seconds
Platform modules already initialized, skipping
Refreshing native plugins compatible for Editor in 0.31 ms, found 0 plugins.
Preloading 0 native plugins for Editor in 0.00 ms.
Unloading 1294 Unused Serialized files (Serialized files now loaded: 0)
System memory in use before: 152.2 MB.
System memory in use after: 152.2 MB.

Unloading 7 unused Assets to reduce memory usage. Loaded Objects now: 1847.
Total: 1.592100 ms (FindLiveObjects: 0.153500 ms CreateObjectMapping: 0.031300 ms MarkObjects: 1.347700 ms  DeleteObjects: 0.058800 ms)

